{"level":"info","message":"Logged in as Daneel#2255!","timestamp":"2025-08-10 12:19:35"}
{"level":"info","message":"Found 2 command files in C:\\Users\\Jordan\\Desktop\\AI_Assistant\\packages\\discord-bot\\src\\commands","timestamp":"2025-08-10 12:19:35"}
{"level":"info","message":"Attempting to load command from: C:\\Users\\Jordan\\Desktop\\AI_Assistant\\packages\\discord-bot\\src\\commands\\help.ts","timestamp":"2025-08-10 12:19:35"}
{"level":"info","message":"✅ Loaded command: help","timestamp":"2025-08-10 12:19:35"}
{"level":"info","message":"Attempting to load command from: C:\\Users\\Jordan\\Desktop\\AI_Assistant\\packages\\discord-bot\\src\\commands\\ping.ts","timestamp":"2025-08-10 12:19:35"}
{"level":"info","message":"✅ Loaded command: ping","timestamp":"2025-08-10 12:19:35"}
{"level":"info","message":"Successfully loaded 2 commands.","timestamp":"2025-08-10 12:19:35"}
{"level":"info","message":"Registered 2 commands in client","timestamp":"2025-08-10 12:19:35"}
{"level":"info","message":"Started refreshing application (/) commands.","timestamp":"2025-08-10 12:19:35"}
{"level":"info","message":"Successfully deployed 2 application (/) commands.","timestamp":"2025-08-10 12:19:35"}
{"level":"info","message":"Logged in as Daneel#2255!","timestamp":"2025-08-10 12:22:38"}
{"level":"info","message":"Found 2 command files in C:\\Users\\Jordan\\Desktop\\AI_Assistant\\packages\\discord-bot\\src\\commands","timestamp":"2025-08-10 12:22:38"}
{"level":"info","message":"Attempting to load command from: C:\\Users\\Jordan\\Desktop\\AI_Assistant\\packages\\discord-bot\\src\\commands\\help.ts","timestamp":"2025-08-10 12:22:38"}
{"level":"info","message":"✅ Loaded command: help","timestamp":"2025-08-10 12:22:38"}
{"level":"info","message":"Attempting to load command from: C:\\Users\\Jordan\\Desktop\\AI_Assistant\\packages\\discord-bot\\src\\commands\\ping.ts","timestamp":"2025-08-10 12:22:38"}
{"level":"info","message":"✅ Loaded command: ping","timestamp":"2025-08-10 12:22:38"}
{"level":"info","message":"Successfully loaded 2 commands.","timestamp":"2025-08-10 12:22:38"}
{"level":"info","message":"Registered 2 commands in client","timestamp":"2025-08-10 12:22:38"}
{"level":"info","message":"Started refreshing application (/) commands.","timestamp":"2025-08-10 12:22:38"}
{"level":"info","message":"Successfully deployed 2 application (/) commands.","timestamp":"2025-08-10 12:22:38"}
{"level":"info","message":"Logged in as Daneel#2255!","timestamp":"2025-08-10 12:22:44"}
{"level":"info","message":"Found 2 command files in C:\\Users\\Jordan\\Desktop\\AI_Assistant\\packages\\discord-bot\\src\\commands","timestamp":"2025-08-10 12:22:44"}
{"level":"info","message":"Attempting to load command from: C:\\Users\\Jordan\\Desktop\\AI_Assistant\\packages\\discord-bot\\src\\commands\\help.ts","timestamp":"2025-08-10 12:22:44"}
{"level":"info","message":"✅ Loaded command: help","timestamp":"2025-08-10 12:22:44"}
{"level":"info","message":"Attempting to load command from: C:\\Users\\Jordan\\Desktop\\AI_Assistant\\packages\\discord-bot\\src\\commands\\ping.ts","timestamp":"2025-08-10 12:22:44"}
{"level":"info","message":"✅ Loaded command: ping","timestamp":"2025-08-10 12:22:44"}
{"level":"info","message":"Successfully loaded 2 commands.","timestamp":"2025-08-10 12:22:44"}
{"level":"info","message":"Registered 2 commands in client","timestamp":"2025-08-10 12:22:44"}
{"level":"info","message":"Started refreshing application (/) commands.","timestamp":"2025-08-10 12:22:44"}
{"level":"info","message":"Successfully deployed 2 application (/) commands.","timestamp":"2025-08-10 12:22:44"}
{"level":"info","message":"Logged in as Daneel#2255!","timestamp":"2025-08-10 12:23:59"}
{"level":"info","message":"Found 2 command files in C:\\Users\\Jordan\\Desktop\\AI_Assistant\\packages\\discord-bot\\src\\commands","timestamp":"2025-08-10 12:23:59"}
{"level":"info","message":"Attempting to load command from: C:\\Users\\Jordan\\Desktop\\AI_Assistant\\packages\\discord-bot\\src\\commands\\help.ts","timestamp":"2025-08-10 12:23:59"}
{"level":"info","message":"✅ Loaded command: help","timestamp":"2025-08-10 12:23:59"}
{"level":"info","message":"Attempting to load command from: C:\\Users\\Jordan\\Desktop\\AI_Assistant\\packages\\discord-bot\\src\\commands\\ping.ts","timestamp":"2025-08-10 12:23:59"}
{"level":"info","message":"✅ Loaded command: ping","timestamp":"2025-08-10 12:23:59"}
{"level":"info","message":"Successfully loaded 2 commands.","timestamp":"2025-08-10 12:23:59"}
{"level":"info","message":"Registered 2 commands in client","timestamp":"2025-08-10 12:23:59"}
{"level":"info","message":"Started refreshing application (/) commands.","timestamp":"2025-08-10 12:23:59"}
{"level":"info","message":"Successfully deployed 2 application (/) commands.","timestamp":"2025-08-10 12:23:59"}
