{"level":"info","message":"Logged in as Daneel#2255!","timestamp":"2025-08-09 23:00:08"}
{"level":"info","message":"✅ Loaded command: ping","timestamp":"2025-08-09 23:00:08"}
{"level":"info","message":"Successfully loaded 1 commands.","timestamp":"2025-08-09 23:00:08"}
{"level":"info","message":"Started refreshing application (/) commands.","timestamp":"2025-08-09 23:00:08"}
{"level":"info","message":"Successfully deployed 1 application (/) commands.","timestamp":"2025-08-09 23:00:08"}
{"level":"info","message":"Logged in as Daneel#2255!","timestamp":"2025-08-09 23:00:41"}
{"level":"info","message":"✅ Loaded command: ping","timestamp":"2025-08-09 23:00:41"}
{"level":"info","message":"Successfully loaded 1 commands.","timestamp":"2025-08-09 23:00:41"}
{"level":"info","message":"Started refreshing application (/) commands.","timestamp":"2025-08-09 23:00:41"}
{"level":"info","message":"Successfully deployed 1 application (/) commands.","timestamp":"2025-08-09 23:00:41"}
{"level":"info","message":"Logged in as Daneel#2255!","timestamp":"2025-08-09 23:12:51"}
{"code":"ERR_UNKNOWN_FILE_EXTENSION","level":"error","message":"❌ Error loading command from BaseCommand.d.ts: Unknown file extension \".ts\" for C:\\Users\\Jordan\\My Drive\\Jordan\\Programming\\AI_Assistant\\packages\\discord-bot\\dist\\commands\\BaseCommand.d.ts","stack":"TypeError [ERR_UNKNOWN_FILE_EXTENSION]: Unknown file extension \".ts\" for C:\\Users\\Jordan\\My Drive\\Jordan\\Programming\\AI_Assistant\\packages\\discord-bot\\dist\\commands\\BaseCommand.d.ts\n    at Object.getFileProtocolModuleFormat [as file:] (node:internal/modules/esm/get_format:219:9)\n    at defaultGetFormat (node:internal/modules/esm/get_format:245:36)\n    at defaultLoad (node:internal/modules/esm/load:120:22)\n    at async ModuleLoader.loadAndTranslate (node:internal/modules/esm/loader:514:32)\n    at async ModuleJob._link (node:internal/modules/esm/module_job:115:19)","timestamp":"2025-08-09 23:12:51"}
{"code":"ERR_UNKNOWN_FILE_EXTENSION","level":"error","message":"❌ Error loading command from ping.d.ts: Unknown file extension \".ts\" for C:\\Users\\Jordan\\My Drive\\Jordan\\Programming\\AI_Assistant\\packages\\discord-bot\\dist\\commands\\ping.d.ts","stack":"TypeError [ERR_UNKNOWN_FILE_EXTENSION]: Unknown file extension \".ts\" for C:\\Users\\Jordan\\My Drive\\Jordan\\Programming\\AI_Assistant\\packages\\discord-bot\\dist\\commands\\ping.d.ts\n    at Object.getFileProtocolModuleFormat [as file:] (node:internal/modules/esm/get_format:219:9)\n    at defaultGetFormat (node:internal/modules/esm/get_format:245:36)\n    at defaultLoad (node:internal/modules/esm/load:120:22)\n    at async ModuleLoader.loadAndTranslate (node:internal/modules/esm/loader:514:32)\n    at async ModuleJob._link (node:internal/modules/esm/module_job:115:19)","timestamp":"2025-08-09 23:12:51"}
{"level":"info","message":"✅ Loaded command: ping","timestamp":"2025-08-09 23:12:51"}
{"level":"info","message":"Successfully loaded 1 commands.","timestamp":"2025-08-09 23:12:51"}
{"level":"info","message":"Started refreshing application (/) commands.","timestamp":"2025-08-09 23:12:51"}
{"level":"info","message":"Successfully deployed 1 application (/) commands.","timestamp":"2025-08-09 23:12:51"}
{"level":"info","message":"Logged in as Daneel#2255!","timestamp":"2025-08-09 23:15:30"}
{"code":"ERR_UNKNOWN_FILE_EXTENSION","level":"error","message":"❌ Error loading command from BaseCommand.d.ts: Unknown file extension \".ts\" for C:\\Users\\Jordan\\My Drive\\Jordan\\Programming\\AI_Assistant\\packages\\discord-bot\\dist\\commands\\BaseCommand.d.ts","stack":"TypeError [ERR_UNKNOWN_FILE_EXTENSION]: Unknown file extension \".ts\" for C:\\Users\\Jordan\\My Drive\\Jordan\\Programming\\AI_Assistant\\packages\\discord-bot\\dist\\commands\\BaseCommand.d.ts\n    at Object.getFileProtocolModuleFormat [as file:] (node:internal/modules/esm/get_format:219:9)\n    at defaultGetFormat (node:internal/modules/esm/get_format:245:36)\n    at defaultLoad (node:internal/modules/esm/load:120:22)\n    at async ModuleLoader.loadAndTranslate (node:internal/modules/esm/loader:514:32)\n    at async ModuleJob._link (node:internal/modules/esm/module_job:115:19)","timestamp":"2025-08-09 23:15:30"}
{"code":"ERR_UNKNOWN_FILE_EXTENSION","level":"error","message":"❌ Error loading command from ping.d.ts: Unknown file extension \".ts\" for C:\\Users\\Jordan\\My Drive\\Jordan\\Programming\\AI_Assistant\\packages\\discord-bot\\dist\\commands\\ping.d.ts","stack":"TypeError [ERR_UNKNOWN_FILE_EXTENSION]: Unknown file extension \".ts\" for C:\\Users\\Jordan\\My Drive\\Jordan\\Programming\\AI_Assistant\\packages\\discord-bot\\dist\\commands\\ping.d.ts\n    at Object.getFileProtocolModuleFormat [as file:] (node:internal/modules/esm/get_format:219:9)\n    at defaultGetFormat (node:internal/modules/esm/get_format:245:36)\n    at defaultLoad (node:internal/modules/esm/load:120:22)\n    at async ModuleLoader.loadAndTranslate (node:internal/modules/esm/loader:514:32)\n    at async ModuleJob._link (node:internal/modules/esm/module_job:115:19)","timestamp":"2025-08-09 23:15:30"}
{"level":"info","message":"✅ Loaded command: ping","timestamp":"2025-08-09 23:15:30"}
{"level":"info","message":"Successfully loaded 1 commands.","timestamp":"2025-08-09 23:15:30"}
{"level":"info","message":"Started refreshing application (/) commands.","timestamp":"2025-08-09 23:15:30"}
{"level":"info","message":"Successfully deployed 1 application (/) commands.","timestamp":"2025-08-09 23:15:31"}
{"level":"info","message":"Logged in as Daneel#2255!","timestamp":"2025-08-09 23:29:12"}
{"level":"info","message":"✅ Loaded command: ping","timestamp":"2025-08-09 23:29:12"}
{"level":"info","message":"Successfully loaded 1 commands.","timestamp":"2025-08-09 23:29:12"}
{"level":"info","message":"Started refreshing application (/) commands.","timestamp":"2025-08-09 23:29:12"}
{"level":"info","message":"Successfully deployed 1 application (/) commands.","timestamp":"2025-08-09 23:29:12"}
{"level":"info","message":"Logged in as Daneel#2255!","timestamp":"2025-08-09 23:31:41"}
{"level":"info","message":"✅ Loaded command: ping","timestamp":"2025-08-09 23:31:41"}
{"level":"info","message":"Successfully loaded 1 commands.","timestamp":"2025-08-09 23:31:41"}
{"level":"info","message":"Started refreshing application (/) commands.","timestamp":"2025-08-09 23:31:42"}
{"level":"info","message":"Successfully deployed 1 application (/) commands.","timestamp":"2025-08-09 23:31:42"}
